Using pre-set license
Built from '2021.3/staging' branch; Version is '2021.3.21f1 (1b156197d683) revision 1774945'; Using compiler version '192829333'; Build Type 'Release'
OS: 'Windows 10  (10.0.19045) 64bit Professional' Language: 'en' Physical Memory: 16189 MB
BatchMode: 1, IsHumanControllingUs: 0, StartBugReporterOnCrash: 0, Is64bit: 1, IsPro: 1

COMMAND LINE ARGUMENTS:
D:\Unity\2021.3.21f1\Editor\Unity.exe
-adb2
-batchMode
-noUpm
-name
AssetImportWorker0
-projectPath
C:/Users/Looser/Documents/GitHub/OnlyUp
-logFile
Logs/AssetImportWorker0.log
-srvPort
2182
Successfully changed project path to: C:/Users/Looser/Documents/GitHub/OnlyUp
C:/Users/Looser/Documents/GitHub/OnlyUp
[UnityMemory] Configuration Parameters - Can be set up in boot.config
    "memorysetup-bucket-allocator-granularity=16"
    "memorysetup-bucket-allocator-bucket-count=8"
    "memorysetup-bucket-allocator-block-size=33554432"
    "memorysetup-bucket-allocator-block-count=8"
    "memorysetup-main-allocator-block-size=16777216"
    "memorysetup-thread-allocator-block-size=16777216"
    "memorysetup-gfx-main-allocator-block-size=16777216"
    "memorysetup-gfx-thread-allocator-block-size=16777216"
    "memorysetup-cache-allocator-block-size=4194304"
    "memorysetup-typetree-allocator-block-size=2097152"
    "memorysetup-profiler-bucket-allocator-granularity=16"
    "memorysetup-profiler-bucket-allocator-bucket-count=8"
    "memorysetup-profiler-bucket-allocator-block-size=33554432"
    "memorysetup-profiler-bucket-allocator-block-count=8"
    "memorysetup-profiler-allocator-block-size=16777216"
    "memorysetup-profiler-editor-allocator-block-size=1048576"
    "memorysetup-temp-allocator-size-main=16777216"
    "memorysetup-job-temp-allocator-block-size=2097152"
    "memorysetup-job-temp-allocator-block-size-background=1048576"
    "memorysetup-job-temp-allocator-reduction-small-platforms=262144"
    "memorysetup-temp-allocator-size-background-worker=32768"
    "memorysetup-temp-allocator-size-job-worker=262144"
    "memorysetup-temp-allocator-size-preload-manager=33554432"
    "memorysetup-temp-allocator-size-nav-mesh-worker=65536"
    "memorysetup-temp-allocator-size-audio-worker=65536"
    "memorysetup-temp-allocator-size-cloud-worker=32768"
    "memorysetup-temp-allocator-size-gi-baking-worker=262144"
    "memorysetup-temp-allocator-size-gfx=262144"
Player connection [15956] Host "[IP] 192.168.0.105 [Port] 0 [Flags] 2 [Guid] 2450605422 [EditorId] 2450605422 [Version] 1048832 [Id] WindowsEditor(7,DESKTOP-MABC5JB) [Debug] 1 [PackageName] WindowsEditor [ProjectName] Editor" joined multi-casting on [225.0.0.222:54997]...

Player connection [15956] Host "[IP] 192.168.0.105 [Port] 0 [Flags] 2 [Guid] 2450605422 [EditorId] 2450605422 [Version] 1048832 [Id] WindowsEditor(7,DESKTOP-MABC5JB) [Debug] 1 [PackageName] WindowsEditor [ProjectName] Editor" joined alternative multi-casting on [225.0.0.222:34997]...

Refreshing native plugins compatible for Editor in 191.86 ms, found 3 plugins.
Preloading 0 native plugins for Editor in 0.00 ms.
Initialize engine version: 2021.3.21f1 (1b156197d683)
[Subsystems] Discovering subsystems at path D:/Unity/2021.3.21f1/Editor/Data/Resources/UnitySubsystems
[Subsystems] Discovering subsystems at path C:/Users/Looser/Documents/GitHub/OnlyUp/Assets
GfxDevice: creating device client; threaded=0; jobified=0
Direct3D:
    Version:  Direct3D 11.0 [level 11.1]
    Renderer: NVIDIA GeForce GTX 1650 (ID=0x1f91)
    Vendor:   NVIDIA
    VRAM:     3962 MB
    Driver:   31.0.15.1659
Initialize mono
Mono path[0] = 'D:/Unity/2021.3.21f1/Editor/Data/Managed'
Mono path[1] = 'D:/Unity/2021.3.21f1/Editor/Data/MonoBleedingEdge/lib/mono/unityjit-win32'
Mono config path = 'D:/Unity/2021.3.21f1/Editor/Data/MonoBleedingEdge/etc'
Using monoOptions --debugger-agent=transport=dt_socket,embedding=1,server=y,suspend=n,address=127.0.0.1:56708
Begin MonoManager ReloadAssembly
Registering precompiled unity dll's ...
Register platform support module: D:/Unity/2021.3.21f1/Editor/Data/PlaybackEngines/WindowsStandaloneSupport/UnityEditor.WindowsStandalone.Extensions.dll
Registered in 0.005616 seconds.
Native extension for WindowsStandalone target not found
Refreshing native plugins compatible for Editor in 153.47 ms, found 3 plugins.
Preloading 0 native plugins for Editor in 0.00 ms.
Mono: successfully reloaded assembly
- Completed reload, in  1.520 seconds
Domain Reload Profiling:
	ReloadAssembly (1521ms)
		BeginReloadAssembly (219ms)
			ExecutionOrderSort (0ms)
			DisableScriptedObjects (0ms)
			BackupInstance (0ms)
			ReleaseScriptingObjects (0ms)
			CreateAndSetChildDomain (1ms)
		EndReloadAssembly (1080ms)
			LoadAssemblies (218ms)
			RebuildTransferFunctionScriptingTraits (0ms)
			SetupTypeCache (251ms)
			ReleaseScriptCaches (0ms)
			RebuildScriptCaches (65ms)
			SetupLoadedEditorAssemblies (654ms)
				LogAssemblyErrors (0ms)
				InitializePlatformSupportModulesInManaged (16ms)
				SetLoadedEditorAssemblies (0ms)
				RefreshPlugins (154ms)
				BeforeProcessingInitializeOnLoad (4ms)
				ProcessInitializeOnLoadAttributes (370ms)
				ProcessInitializeOnLoadMethodAttributes (110ms)
				AfterProcessingInitializeOnLoad (0ms)
				EditorAssembliesLoaded (0ms)
			ExecutionOrderSort2 (0ms)
			AwakeInstancesAfterBackupRestoration (0ms)
Platform modules already initialized, skipping
Registering precompiled user dll's ...
Registered in 0.012783 seconds.
Begin MonoManager ReloadAssembly
Symbol file LoadedFromMemory doesn't match image C:\Users\Looser\Documents\GitHub\OnlyUp\Library\PackageCache\com.unity.visualscripting@1.8.0\Editor\VisualScripting.Core\Dependencies\YamlDotNet\Unity.VisualScripting.YamlDotNet.dll
Symbol file LoadedFromMemory doesn't match image C:\Users\Looser\Documents\GitHub\OnlyUp\Library\PackageCache\com.unity.visualscripting@1.8.0\Editor\VisualScripting.Core\Dependencies\DotNetZip\Unity.VisualScripting.IonicZip.dll
Native extension for WindowsStandalone target not found
Refreshing native plugins compatible for Editor in 157.81 ms, found 3 plugins.
Preloading 0 native plugins for Editor in 0.00 ms.
Mono: successfully reloaded assembly
- Completed reload, in  2.696 seconds
Domain Reload Profiling:
	ReloadAssembly (2699ms)
		BeginReloadAssembly (289ms)
			ExecutionOrderSort (0ms)
			DisableScriptedObjects (15ms)
			BackupInstance (0ms)
			ReleaseScriptingObjects (0ms)
			CreateAndSetChildDomain (45ms)
		EndReloadAssembly (2172ms)
			LoadAssemblies (221ms)
			RebuildTransferFunctionScriptingTraits (0ms)
			SetupTypeCache (641ms)
			ReleaseScriptCaches (2ms)
			RebuildScriptCaches (128ms)
			SetupLoadedEditorAssemblies (1130ms)
				LogAssemblyErrors (0ms)
				InitializePlatformSupportModulesInManaged (7ms)
				SetLoadedEditorAssemblies (0ms)
				RefreshPlugins (158ms)
				BeforeProcessingInitializeOnLoad (176ms)
				ProcessInitializeOnLoadAttributes (740ms)
				ProcessInitializeOnLoadMethodAttributes (39ms)
				AfterProcessingInitializeOnLoad (9ms)
				EditorAssembliesLoaded (0ms)
			ExecutionOrderSort2 (0ms)
			AwakeInstancesAfterBackupRestoration (15ms)
Platform modules already initialized, skipping
========================================================================
Worker process is ready to serve import requests
Launched and connected shader compiler UnityShaderCompiler.exe after 0.13 seconds
Refreshing native plugins compatible for Editor in 1.12 ms, found 3 plugins.
Preloading 0 native plugins for Editor in 0.00 ms.
Unloading 3555 Unused Serialized files (Serialized files now loaded: 0)
Unloading 40 unused Assets / (184.2 KB). Loaded Objects now: 4016.
Memory consumption went from 126.8 MB to 126.6 MB.
Total: 7.727100 ms (FindLiveObjects: 0.605000 ms CreateObjectMapping: 0.627300 ms MarkObjects: 6.201600 ms  DeleteObjects: 0.290400 ms)

AssetImportParameters requested are different than current active one (requested -> active):
  custom:video-decoder-ogg-theora: a1e56fd34408186e4bbccfd4996cb3dc -> 
  custom:container-muxer-webm: aa71ff27fc2769a1b78a27578f13a17b -> 
  custom:container-demuxer-webm: 4f35f7cbe854078d1ac9338744f61a02 -> 
  custom:video-encoder-webm-vp8: eb34c28f22e8b96e1ab97ce403110664 -> 
  custom:audio-encoder-webm-vorbis: bf7c407c2cedff20999df2af8eb42d56 -> 
  custom:framework-win-MediaFoundation: 216162199b28c13a410421893ffa2e32 -> 
  custom:container-demuxer-ogg: 62fdf1f143b41e24485cea50d1cbac27 -> 
  custom:video-decoder-webm-vp8: 9c59270c3fd7afecdb556c50c9e8de78 -> 
  custom:audio-decoder-ogg-vorbis: bf7c407c2cedff20999df2af8eb42d56 -> 
========================================================================
Received Import Request.
  Time since last request: 37094.208444 seconds.
  path: Assets/caracter/Main caracter/Animation
  artifactKey: Guid(5dd4a694920d4274d8a4ab196e30c61c) Importer(815301076,1909f56bfc062723c751e8b465ee728b)
Start importing Assets/caracter/Main caracter/Animation using Guid(5dd4a694920d4274d8a4ab196e30c61c) Importer(815301076,1909f56bfc062723c751e8b465ee728b)  -> (artifact id: 'a09b653355dd11492751c2c43530c538') in 0.020664 seconds 
========================================================================
Received Import Request.
  Time since last request: 0.000077 seconds.
  path: Assets/caracter/Main caracter/Texture
  artifactKey: Guid(73ccd9dd08084bf4790350e9ae17eab4) Importer(815301076,1909f56bfc062723c751e8b465ee728b)
Start importing Assets/caracter/Main caracter/Texture using Guid(73ccd9dd08084bf4790350e9ae17eab4) Importer(815301076,1909f56bfc062723c751e8b465ee728b)  -> (artifact id: '144e31e3512c6da8a690695b12096ad6') in 0.010560 seconds 
========================================================================
Received Import Request.
  Time since last request: 143.647966 seconds.
  path: Assets/caracter/Main caracter/Main Caracter.fbx
  artifactKey: Guid(3b66463d420f1ab44b4e846efa1bc597) Importer(815301076,1909f56bfc062723c751e8b465ee728b)
Start importing Assets/caracter/Main caracter/Main Caracter.fbx using Guid(3b66463d420f1ab44b4e846efa1bc597) Importer(815301076,1909f56bfc062723c751e8b465ee728b)  -> (artifact id: '41b2258cfa87393b5b75d207da86c039') in 0.304894 seconds 
========================================================================
Received Import Request.
  Time since last request: 39.446332 seconds.
  path: Assets/@Project/Textures
  artifactKey: Guid(70a30a9afc4abc4458a754bad1cc8e20) Importer(815301076,1909f56bfc062723c751e8b465ee728b)
Start importing Assets/@Project/Textures using Guid(70a30a9afc4abc4458a754bad1cc8e20) Importer(815301076,1909f56bfc062723c751e8b465ee728b)  -> (artifact id: '160a43142097c5f291603e78341cd725') in 0.005666 seconds 
========================================================================
Received Import Request.
  Time since last request: 1.597234 seconds.
  path: Assets/@Project/Textures/Tires.png
  artifactKey: Guid(3ca063c223853ed408225737a65c4806) Importer(815301076,1909f56bfc062723c751e8b465ee728b)
Start importing Assets/@Project/Textures/Tires.png using Guid(3ca063c223853ed408225737a65c4806) Importer(815301076,1909f56bfc062723c751e8b465ee728b)  -> (artifact id: 'f9fdbf261bc0581a9625af75d64ae01b') in 0.046123 seconds 
========================================================================
Received Import Request.
  Time since last request: 1.689936 seconds.
  path: Assets/@Project/Textures/Traffic-Car-Atlas.png
  artifactKey: Guid(5943d905d55fbbe4fbebafcf8314c165) Importer(815301076,1909f56bfc062723c751e8b465ee728b)
Start importing Assets/@Project/Textures/Traffic-Car-Atlas.png using Guid(5943d905d55fbbe4fbebafcf8314c165) Importer(815301076,1909f56bfc062723c751e8b465ee728b)  -> (artifact id: '80f2665d5ed95d67d82a9f909405f078') in 0.034983 seconds 
========================================================================
Received Import Request.
  Time since last request: 8.505380 seconds.
  path: Assets/@Project/Scenes
  artifactKey: Guid(6ea315d0fd7389c41b19996891e99ae3) Importer(815301076,1909f56bfc062723c751e8b465ee728b)
Start importing Assets/@Project/Scenes using Guid(6ea315d0fd7389c41b19996891e99ae3) Importer(815301076,1909f56bfc062723c751e8b465ee728b)  -> (artifact id: 'b8193726cff86800c54781cdc6d54904') in 0.004113 seconds 
========================================================================
Received Import Request.
  Time since last request: 14.888631 seconds.
  path: Assets/@Project/Material
  artifactKey: Guid(76a4490cd2eb0064b97cf5c2efef39ed) Importer(815301076,1909f56bfc062723c751e8b465ee728b)
Start importing Assets/@Project/Material using Guid(76a4490cd2eb0064b97cf5c2efef39ed) Importer(815301076,1909f56bfc062723c751e8b465ee728b)  -> (artifact id: '2267b5762a479f6aca419b3bb63296db') in 0.006889 seconds 
========================================================================
Received Import Request.
  Time since last request: 58.316136 seconds.
  path: Assets/@Project/Character/Character Controller/Materials/Main Caracter.fbx
  artifactKey: Guid(6d071be1421860d45b724a67c98a6c14) Importer(815301076,1909f56bfc062723c751e8b465ee728b)
Start importing Assets/@Project/Character/Character Controller/Materials/Main Caracter.fbx using Guid(6d071be1421860d45b724a67c98a6c14) Importer(815301076,1909f56bfc062723c751e8b465ee728b)  -> (artifact id: '8dd8ac51e643c51a8451ff48b02a07c3') in 0.081343 seconds 
========================================================================
Received Import Request.
  Time since last request: 0.000088 seconds.
  path: Assets/caracter/Main caracter/Animation/Running Up Stairs.fbx
  artifactKey: Guid(c6ac423ddc1a14b49bd8dab9721f491b) Importer(815301076,1909f56bfc062723c751e8b465ee728b)
Start importing Assets/caracter/Main caracter/Animation/Running Up Stairs.fbx using Guid(c6ac423ddc1a14b49bd8dab9721f491b) Importer(815301076,1909f56bfc062723c751e8b465ee728b)  -> (artifact id: '7a21a77300be5e6afce284a49ecad4e8') in 0.090633 seconds 
========================================================================
Received Import Request.
  Time since last request: 0.000228 seconds.
  path: Assets/caracter/Main caracter/Animation/Running Jump.fbx
  artifactKey: Guid(c09cd0f6374c6d345b623f89b292de7d) Importer(815301076,1909f56bfc062723c751e8b465ee728b)
Start importing Assets/caracter/Main caracter/Animation/Running Jump.fbx using Guid(c09cd0f6374c6d345b623f89b292de7d) Importer(815301076,1909f56bfc062723c751e8b465ee728b)  -> (artifact id: 'd40d0bdcfc5244ae6d130ba636a07b7f') in 0.090469 seconds 
========================================================================
Received Import Request.
  Time since last request: 0.000055 seconds.
  path: Assets/caracter/Main caracter/Animation/Sprint To Wall Climb.fbx
  artifactKey: Guid(6885794f1e415eb4ea0a0cc41d5f16ab) Importer(815301076,1909f56bfc062723c751e8b465ee728b)
Start importing Assets/caracter/Main caracter/Animation/Sprint To Wall Climb.fbx using Guid(6885794f1e415eb4ea0a0cc41d5f16ab) Importer(815301076,1909f56bfc062723c751e8b465ee728b)  -> (artifact id: 'b503ae4bdea8f2c20ff31d60e9aa29d2') in 0.086863 seconds 
========================================================================
Received Import Request.
  Time since last request: 2.743316 seconds.
  path: Assets/@Project/Material/Main Carater.mat
  artifactKey: Guid(c84b3954989fd4f4ca9a02376450e72d) Importer(815301076,1909f56bfc062723c751e8b465ee728b)
Start importing Assets/@Project/Material/Main Carater.mat using Guid(c84b3954989fd4f4ca9a02376450e72d) Importer(815301076,1909f56bfc062723c751e8b465ee728b)  -> (artifact id: '7c1c85b7c1e16a1af3c5c9459bdbb06b') in 0.027924 seconds 
========================================================================
Received Import Request.
  Time since last request: 22.430091 seconds.
  path: Packages/com.unity.inputsystem/InputSystem/Editor/AssetEditor/Resources/personal/actionTreeBackground.png
  artifactKey: Guid(ce5f11cd993284c4f9c54f854bdc8c9c) Importer(815301076,1909f56bfc062723c751e8b465ee728b)
Start importing Packages/com.unity.inputsystem/InputSystem/Editor/AssetEditor/Resources/personal/actionTreeBackground.png using Guid(ce5f11cd993284c4f9c54f854bdc8c9c) Importer(815301076,1909f56bfc062723c751e8b465ee728b)  -> (artifact id: '70dd467ec70e0e8661e5aab43f77bc16') in 0.032386 seconds 
========================================================================
Received Import Request.
  Time since last request: 0.000062 seconds.
  path: Packages/com.unity.inputsystem/InputSystem/Editor/Icons/Add Binding.png
  artifactKey: Guid(958a10dec4f3a4764bb345b0aa03510b) Importer(815301076,1909f56bfc062723c751e8b465ee728b)
Start importing Packages/com.unity.inputsystem/InputSystem/Editor/Icons/Add Binding.png using Guid(958a10dec4f3a4764bb345b0aa03510b) Importer(815301076,1909f56bfc062723c751e8b465ee728b)  -> (artifact id: '5cbf4585a6d3ad0da0ce05685e63ce1a') in 0.030971 seconds 
========================================================================
Received Import Request.
  Time since last request: 0.000041 seconds.
  path: Packages/com.unity.inputsystem/InputSystem/Editor/Icons/Add Binding@2x.png
  artifactKey: Guid(bb5fa99d6e9434c9ebf101c956021ee1) Importer(815301076,1909f56bfc062723c751e8b465ee728b)
Start importing Packages/com.unity.inputsystem/InputSystem/Editor/Icons/Add Binding@2x.png using Guid(bb5fa99d6e9434c9ebf101c956021ee1) Importer(815301076,1909f56bfc062723c751e8b465ee728b)  -> (artifact id: '053d996de0643232022330927e122df3') in 0.023713 seconds 
========================================================================
Received Import Request.
  Time since last request: 0.000051 seconds.
  path: Packages/com.unity.inputsystem/InputSystem/Editor/AssetEditor/Resources/personal/actionTreeBackgroundWithoutBorder.png
  artifactKey: Guid(cf632ed80bf1f46c980de6b1b8b903ef) Importer(815301076,1909f56bfc062723c751e8b465ee728b)
Start importing Packages/com.unity.inputsystem/InputSystem/Editor/AssetEditor/Resources/personal/actionTreeBackgroundWithoutBorder.png using Guid(cf632ed80bf1f46c980de6b1b8b903ef) Importer(815301076,1909f56bfc062723c751e8b465ee728b)  -> (artifact id: 'fa58006cf86b8ffaa02efeb31c172d49') in 0.031956 seconds 
========================================================================
Received Import Request.
  Time since last request: 80.893239 seconds.
  path: Packages/com.unity.textmeshpro/Editor Resources/Textures/btn_AlignBottom_Light.psd
  artifactKey: Guid(585b70cb75dd43efbfead809c30a1731) Importer(815301076,1909f56bfc062723c751e8b465ee728b)
Start importing Packages/com.unity.textmeshpro/Editor Resources/Textures/btn_AlignBottom_Light.psd using Guid(585b70cb75dd43efbfead809c30a1731) Importer(815301076,1909f56bfc062723c751e8b465ee728b)  -> (artifact id: '4236eaaea3dbcc2795706b84fd959930') in 0.025392 seconds 
========================================================================
Received Import Request.
  Time since last request: 0.025378 seconds.
  path: Packages/com.unity.textmeshpro/Editor Resources/Textures/btn_AlignMiddle_Light.psd
  artifactKey: Guid(066619c9c9c84f89acb1b48c11a7efe2) Importer(815301076,1909f56bfc062723c751e8b465ee728b)
Start importing Packages/com.unity.textmeshpro/Editor Resources/Textures/btn_AlignMiddle_Light.psd using Guid(066619c9c9c84f89acb1b48c11a7efe2) Importer(815301076,1909f56bfc062723c751e8b465ee728b)  -> (artifact id: '2e6194476e9efb50269cfad29a426b5e') in 0.028822 seconds 
========================================================================
Received Import Request.
  Time since last request: 0.000047 seconds.
  path: Packages/com.unity.textmeshpro/Editor Resources/Textures/btn_AlignMidline_Light.psd
  artifactKey: Guid(bb42b2d967d6427983c901a4ffc8ecd9) Importer(815301076,1909f56bfc062723c751e8b465ee728b)
Start importing Packages/com.unity.textmeshpro/Editor Resources/Textures/btn_AlignMidline_Light.psd using Guid(bb42b2d967d6427983c901a4ffc8ecd9) Importer(815301076,1909f56bfc062723c751e8b465ee728b)  -> (artifact id: 'cb69f1da9fc996d9706563da5408834d') in 0.039277 seconds 
Editor requested this worker to shutdown with reason: Scaling down because of idle timeout
AssetImportWorkerClient::OnTransportError - code=2 error=End of file
AssetImportWorker is now disconnected from the server
Process exiting
Exiting without the bug reporter. Application will terminate with return code 0